Tue May 24 09:31:50 CEST 2016 : Server di rete Apache Derby: 10.11.1.2 - (1629631) avviato e pronto ad accettare connessioni sulla porta 1527
----------------------------------------------------------------
Tue May 24 09:52:24 CEST 2016:
Avvio della versione di Derby The Apache Software Foundation - Apache Derby - 10.11.1.2 - (1629631): istanza a816c00e-0154-e1ad-4894-ffffa8205382
sulla directory di database /home/carlo/NetBeansProjects/AMM_2016/AmmM1/web/WEB-INF/db/ammdb con caricatore classi sun.misc.Launcher$AppClassLoader@1d44bcfa 
Caricato da file:/usr/share/jdk1.8.0_77/db/lib/derby.jar
java.vendor=Oracle Corporation
java.runtime.version=1.8.0_77-b03
user.dir=/usr/share/jdk1.8.0_77/db
os.name=Linux
os.arch=amd64
os.version=4.2.0-36-generic
derby.system.home=/home/carlo/NetBeansProjects/AMM_2016/AmmM1/web/WEB-INF/db
Programma di caricamento classe database avviato - derby.database.classpath=''
----------------------------------------------------------------
Tue May 24 12:26:39 CEST 2016: arresto in corso del motore di Derby
----------------------------------------------------------------
Tue May 24 12:26:39 CEST 2016:
Arresto dell'istanza a816c00e-0154-e1ad-4894-ffffa8205382 nella directory del database /home/carlo/NetBeansProjects/AMM_2016/AmmM1/web/WEB-INF/db/ammdb con il caricatore di classi sun.misc.Launcher$AppClassLoader@1d44bcfa 
----------------------------------------------------------------
